PracticaBlackjack.obj : error LNK2019: símbolo externo "public: __thiscall sf::String::String(char const *,class std::locale const &)" (??0String@sf@@QAE@PBDABVlocale@std@@@Z) sin resolver al que se hace referencia en la función _main
PracticaBlackjack.obj : error LNK2019: símbolo externo "public: __thiscall sf::VideoMode::VideoMode(unsigned int,unsigned int,unsigned int)" (??0VideoMode@sf@@QAE@III@Z) sin resolver al que se hace referencia en la función _main
PracticaBlackjack.obj : error LNK2019: símbolo externo "public: bool __thiscall sf::WindowBase::isOpen(void)const " (?isOpen@WindowBase@sf@@QBE_NXZ) sin resolver al que se hace referencia en la función _main
PracticaBlackjack.obj : error LNK2019: símbolo externo "public: bool __thiscall sf::WindowBase::pollEvent(class sf::Event &)" (?pollEvent@WindowBase@sf@@QAE_NAAVEvent@2@@Z) sin resolver al que se hace referencia en la función _main
PracticaBlackjack.obj : error LNK2019: símbolo externo "public: virtual void __thiscall sf::Window::close(void)" (?close@Window@sf@@UAEXXZ) sin resolver al que se hace referencia en la función _main
PracticaBlackjack.obj : error LNK2019: símbolo externo "public: void __thiscall sf::Window::display(void)" (?display@Window@sf@@QAEXXZ) sin resolver al que se hace referencia en la función _main
PracticaBlackjack.obj : error LNK2019: símbolo externo "public: __thiscall sf::Color::Color(unsigned char,unsigned char,unsigned char,unsigned char)" (??0Color@sf@@QAE@EEEE@Z) sin resolver al que se hace referencia en la función _main
PracticaBlackjack.obj : error LNK2019: símbolo externo "public: virtual __thiscall sf::Shape::~Shape(void)" (??1Shape@sf@@UAE@XZ) sin resolver al que se hace referencia en la función "public: virtual __thiscall sf::CircleShape::~CircleShape(void)" (??1CircleShape@sf@@UAE@XZ)
PracticaBlackjack.obj : error LNK2019: símbolo externo "public: void __thiscall sf::Shape::setFillColor(class sf::Color const &)" (?setFillColor@Shape@sf@@QAEXABVColor@2@@Z) sin resolver al que se hace referencia en la función _main
PracticaBlackjack.obj : error LNK2019: símbolo externo "public: __thiscall sf::CircleShape::CircleShape(float,unsigned int)" (??0CircleShape@sf@@QAE@MI@Z) sin resolver al que se hace referencia en la función _main
PracticaBlackjack.obj : error LNK2019: símbolo externo "public: void __thiscall sf::RenderTarget::clear(class sf::Color const &)" (?clear@RenderTarget@sf@@QAEXABVColor@2@@Z) sin resolver al que se hace referencia en la función _main
PracticaBlackjack.obj : error LNK2019: símbolo externo "public: void __thiscall sf::RenderTarget::draw(class sf::Drawable const &,class sf::RenderStates const &)" (?draw@RenderTarget@sf@@QAEXABVDrawable@2@ABVRenderStates@2@@Z) sin resolver al que se hace referencia en la función _main
PracticaBlackjack.obj : error LNK2019: símbolo externo "public: __thiscall sf::RenderWindow::RenderWindow(class sf::VideoMode,class sf::String const &,unsigned int,struct sf::ContextSettings const &)" (??0RenderWindow@sf@@QAE@VVideoMode@1@ABVString@1@IABUContextSettings@1@@Z) sin resolver al que se hace referencia en la función _main
PracticaBlackjack.obj : error LNK2019: símbolo externo "public: virtual __thiscall sf::RenderWindow::~RenderWindow(void)" (??1RenderWindow@sf@@UAE@XZ) sin resolver al que se hace referencia en la función _main
PracticaBlackjack.obj : error LNK2001: símbolo externo "public: static class sf::RenderStates const sf::RenderStates::Default" (?Default@RenderStates@sf@@2V12@B) sin resolver
PracticaBlackjack.obj : error LNK2001: símbolo externo "public: static class sf::Color const sf::Color::Green" (?Green@Color@sf@@2V12@B) sin resolver
D:\OneDrive - Centre d'Estudis Monlau\Primero\Entornos de desarrollo\Codigos\C++\PracticaBlackjack\\external\lib\sfml-graphics-d.lib : warning LNK4272: el tipo de máquina de biblioteca 'x64' está en conflicto con el tipo de máquina de destino 'x86'
D:\OneDrive - Centre d'Estudis Monlau\Primero\Entornos de desarrollo\Codigos\C++\PracticaBlackjack\\external\lib\sfml-window-d.lib : warning LNK4272: el tipo de máquina de biblioteca 'x64' está en conflicto con el tipo de máquina de destino 'x86'
D:\OneDrive - Centre d'Estudis Monlau\Primero\Entornos de desarrollo\Codigos\C++\PracticaBlackjack\\external\lib\sfml-system-d.lib : warning LNK4272: el tipo de máquina de biblioteca 'x64' está en conflicto con el tipo de máquina de destino 'x86'
D:\OneDrive - Centre d'Estudis Monlau\Primero\Entornos de desarrollo\Codigos\C++\PracticaBlackjack\\external\lib\sfml-audio-d.lib : warning LNK4272: el tipo de máquina de biblioteca 'x64' está en conflicto con el tipo de máquina de destino 'x86'
D:\OneDrive - Centre d'Estudis Monlau\Primero\Entornos de desarrollo\Codigos\C++\PracticaBlackjack\\external\lib\sfml-network-d.lib : warning LNK4272: el tipo de máquina de biblioteca 'x64' está en conflicto con el tipo de máquina de destino 'x86'
D:\OneDrive - Centre d'Estudis Monlau\Primero\Entornos de desarrollo\Codigos\C++\PracticaBlackjack\Debug\PracticaBlackjack.exe : fatal error LNK1120: 16 externos sin resolver
