  PracticaBlackjack.cpp
D:\OneDrive - Centre d'Estudis Monlau\Primero\Entornos de desarrollo\Codigos\C++\PracticaBlackjack\PracticaBlackjack.cpp(128,12): warning C4244: 'argumento': conversión de 'time_t' a 'unsigned int'; posible pérdida de datos
D:\OneDrive - Centre d'Estudis Monlau\Primero\Entornos de desarrollo\Codigos\C++\PracticaBlackjack\PracticaBlackjack.cpp(143,6): warning C4101: 'manoCrupier': variable local sin referencia
D:\OneDrive - Centre d'Estudis Monlau\Primero\Entornos de desarrollo\Codigos\C++\PracticaBlackjack\PracticaBlackjack.cpp(141,6): warning C4101: 'manoJugador': variable local sin referencia
PracticaBlackjack.obj : error LNK2001: símbolo externo __imp___CrtDbgReport sin resolver
PracticaBlackjack.obj : error LNK2001: símbolo externo __imp___invalid_parameter sin resolver
PracticaBlackjack.obj : error LNK2001: símbolo externo __imp___calloc_dbg sin resolver
PracticaBlackjack.obj : error LNK2001: símbolo externo "__declspec(dllimport) public: static class sf::RenderStates const sf::RenderStates::Default" (__imp_?Default@RenderStates@sf@@2V12@B) sin resolver
PracticaBlackjack.obj : error LNK2001: símbolo externo "__declspec(dllimport) public: __thiscall sf::CircleShape::CircleShape(float,unsigned int)" (__imp_??0CircleShape@sf@@QAE@MI@Z) sin resolver
PracticaBlackjack.obj : error LNK2001: símbolo externo "__declspec(dllimport) public: virtual __thiscall sf::RenderWindow::~RenderWindow(void)" (__imp_??1RenderWindow@sf@@UAE@XZ) sin resolver
PracticaBlackjack.obj : error LNK2001: símbolo externo "__declspec(dllimport) public: __thiscall sf::RenderWindow::RenderWindow(class sf::VideoMode,class sf::String const &,unsigned int,struct sf::ContextSettings const &)" (__imp_??0RenderWindow@sf@@QAE@VVideoMode@1@ABVString@1@IABUContextSettings@1@@Z) sin resolver
PracticaBlackjack.obj : error LNK2001: símbolo externo "__declspec(dllimport) public: __thiscall sf::Color::Color(unsigned char,unsigned char,unsigned char,unsigned char)" (__imp_??0Color@sf@@QAE@EEEE@Z) sin resolver
PracticaBlackjack.obj : error LNK2001: símbolo externo "__declspec(dllimport) public: void __thiscall sf::Window::display(void)" (__imp_?display@Window@sf@@QAEXXZ) sin resolver
PracticaBlackjack.obj : error LNK2001: símbolo externo "__declspec(dllimport) public: virtual void __thiscall sf::Window::close(void)" (__imp_?close@Window@sf@@UAEXXZ) sin resolver
PracticaBlackjack.obj : error LNK2001: símbolo externo "__declspec(dllimport) public: bool __thiscall sf::WindowBase::pollEvent(class sf::Event &)" (__imp_?pollEvent@WindowBase@sf@@QAE_NAAVEvent@2@@Z) sin resolver
PracticaBlackjack.obj : error LNK2001: símbolo externo "__declspec(dllimport) public: bool __thiscall sf::WindowBase::isOpen(void)const " (__imp_?isOpen@WindowBase@sf@@QBE_NXZ) sin resolver
PracticaBlackjack.obj : error LNK2001: símbolo externo "__declspec(dllimport) public: static class sf::Color const sf::Color::Green" (__imp_?Green@Color@sf@@2V12@B) sin resolver
PracticaBlackjack.obj : error LNK2001: símbolo externo "__declspec(dllimport) public: void __thiscall sf::RenderTarget::draw(class sf::Drawable const &,class sf::RenderStates const &)" (__imp_?draw@RenderTarget@sf@@QAEXABVDrawable@2@ABVRenderStates@2@@Z) sin resolver
PracticaBlackjack.obj : error LNK2001: símbolo externo "__declspec(dllimport) public: void __thiscall sf::RenderTarget::clear(class sf::Color const &)" (__imp_?clear@RenderTarget@sf@@QAEXABVColor@2@@Z) sin resolver
PracticaBlackjack.obj : error LNK2001: símbolo externo "__declspec(dllimport) public: void __thiscall sf::Shape::setFillColor(class sf::Color const &)" (__imp_?setFillColor@Shape@sf@@QAEXABVColor@2@@Z) sin resolver
PracticaBlackjack.obj : error LNK2001: símbolo externo "__declspec(dllimport) public: __thiscall sf::String::String(char const *,class std::locale const &)" (__imp_??0String@sf@@QAE@PBDABVlocale@std@@@Z) sin resolver
PracticaBlackjack.obj : error LNK2001: símbolo externo "__declspec(dllimport) public: __thiscall sf::VideoMode::VideoMode(unsigned int,unsigned int,unsigned int)" (__imp_??0VideoMode@sf@@QAE@III@Z) sin resolver
PracticaBlackjack.obj : error LNK2001: símbolo externo "__declspec(dllimport) public: virtual __thiscall sf::CircleShape::~CircleShape(void)" (__imp_??1CircleShape@sf@@UAE@XZ) sin resolver
PracticaBlackjack.obj : error LNK2001: símbolo externo "__declspec(dllimport) public: __thiscall sf::String::~String(void)" (__imp_??1String@sf@@QAE@XZ) sin resolver
msvcprtd.lib(locale0_implib.obj) : error LNK2001: símbolo externo __imp___free_dbg sin resolver
msvcprtd.lib(locale0_implib.obj) : error LNK2001: símbolo externo __imp___malloc_dbg sin resolver
D:\OneDrive - Centre d'Estudis Monlau\Primero\Entornos de desarrollo\Codigos\C++\PracticaBlackjack\Release\PracticaBlackjack.exe : fatal error LNK1120: 22 externos sin resolver
